[2024-09-04 12:44:43,276] multiqc                                            [DEBUG  ]  This is MultiQC v1.21
[2024-09-04 12:44:43,283] multiqc                                            [DEBUG  ]  Loading config settings from: multiqc_config.yml
[2024-09-04 12:44:43,283] multiqc                                            [DEBUG  ]  New config: {'report_comment': 'This report has been generated by the <a href="https://github.com/nf-core/ampliseq/releases/tag/2.11.0" target="_blank">nf-core/ampliseq</a> analysis pipeline. For information about how to interpret these results, please see the <a href="https://nf-co.re/ampliseq/2.11.0/docs/output" target="_blank">documentation</a>.\n', 'report_section_order': {'nf-core-ampliseq-methods-description': {'order': -1000}, 'software_versions': {'order': -1001}, 'nf-core-ampliseq-summary': {'order': -1002}}, 'export_plots': True, 'disable_version_detection': True, 'plots_force_flat': True}
[2024-09-04 12:44:43,286] multiqc                                            [DEBUG  ]  Loading config settings from: multiqc_config.yml
[2024-09-04 12:44:43,286] multiqc                                            [DEBUG  ]  New config: {'report_comment': 'This report has been generated by the <a href="https://github.com/nf-core/ampliseq/releases/tag/2.11.0" target="_blank">nf-core/ampliseq</a> analysis pipeline. For information about how to interpret these results, please see the <a href="https://nf-co.re/ampliseq/2.11.0/docs/output" target="_blank">documentation</a>.\n', 'report_section_order': {'nf-core-ampliseq-methods-description': {'order': -1000}, 'software_versions': {'order': -1001}, 'nf-core-ampliseq-summary': {'order': -1002}}, 'export_plots': True, 'disable_version_detection': True, 'plots_force_flat': True}
[2024-09-04 12:44:43,286] multiqc                                            [DEBUG  ]  Command used: /usr/local/bin/multiqc --force --config multiqc_config.yml .
[2024-09-04 12:44:48,169] multiqc                                            [DEBUG  ]  Timed out after waiting for 2s for multiqc.info to check latest version: HTTPSConnectionPool(host='api.multiqc.info', port=443): Max retries exceeded with url: /version?version_multiqc=1.21&version_python=3.11.8&operating_system=Linux&is_docker=False&is_singularity=True&is_conda=True&is_ci=False (Caused by ConnectTimeoutError(<urllib3.connection.HTTPSConnection object at 0x2b796101a010>, 'Connection to api.multiqc.info timed out. (connect timeout=2)'))
[2024-09-04 12:44:48,169] multiqc                                            [DEBUG  ]  Working dir : /work/gmgi/Fisheries/eDNA/NY/scripts/work/a0/07f70607215e3dff1eaadc922b9d10
[2024-09-04 12:44:48,169] multiqc                                            [DEBUG  ]  Template    : default
[2024-09-04 12:44:48,169] multiqc                                            [DEBUG  ]  Running Python 3.11.8 | packaged by conda-forge | (main, Feb 16 2024, 20:53:32) [GCC 12.3.0]
[2024-09-04 12:44:48,171] multiqc                                            [DEBUG  ]  Analysing modules: custom_content, ccs, ngsderive, purple, conpair, isoseq, lima, peddy, somalier, methylqa, mosdepth, phantompeakqualtools, qualimap, bamdst, preseq, hifiasm, quast, qorts, rna_seqc, rockhopper, rsem, rseqc, busco, bustools, goleft_indexcov, gffcompare, disambiguate, supernova, deeptools, sargasso, verifybamid, mirtrace, happy, mirtop, sambamba, gopeaks, homer, hops, macs2, theta2, snpeff, gatk, htseq, bcftools, featureCounts, fgbio, dragen, dragen_fastqc, dedup, pbmarkdup, damageprofiler, mapdamage, biobambam2, jcvi, mtnucratio, picard, vep, bakta, prokka, qc3C, nanostat, samblaster, samtools, sexdeterrmine, seqera_cli, eigenstratdatabasetools, bamtools, jellyfish, vcftools, longranger, stacks, varscan2, snippy, umitools, truvari, megahit, bbmap, bismark, biscuit, diamond, hicexplorer, hicup, hicpro, salmon, kallisto, slamdunk, star, hisat2, tophat, bowtie2, bowtie1, cellranger, snpsplit, odgi, pangolin, nextclade, freyja, humid, kat, leehom, librarian, nonpareil, adapterRemoval, bbduk, clipandmerge, cutadapt, flexbar, sourmash, kaiju, bracken, kraken, malt, motus, trimmomatic, sickle, skewer, sortmerna, biobloomtools, fastq_screen, afterqc, fastp, fastqc, filtlong, prinseqplusplus, pychopper, porechop, pycoqc, minionqc, anglerfish, multivcfanalyzer, clusterflow, checkqc, bcl2fastq, bclconvert, interop, ivar, flash, seqyclean, optitype, whatshap, spaceranger, xenome, xengsort, metaphlan, seqwho
[2024-09-04 12:44:48,171] multiqc                                            [DEBUG  ]  Using temporary directory for creating report: /tmp/tmpdpmhftsq
[2024-09-04 12:44:48,174] multiqc                                            [INFO   ]  Search path : /work/gmgi/Fisheries/eDNA/NY/scripts/work/a0/07f70607215e3dff1eaadc922b9d10
[2024-09-04 12:44:49,167] multiqc                                            [DEBUG  ]  Summary of files that were skipped by the search: [skipped_module_specific_max_filesize: 21] // [skipped_no_match: 9]
[2024-09-04 12:44:49,240] multiqc.modules.custom_content.custom_content      [INFO   ]  nf-core-ampliseq-methods-description: Found 1 sample (html)
[2024-09-04 12:44:49,241] multiqc.modules.custom_content.custom_content      [INFO   ]  nf-core-ampliseq-summary: Found 1 sample (html)
[2024-09-04 12:44:49,318] multiqc.modules.cutadapt.cutadapt                  [INFO   ]  Found 15 reports
[2024-09-04 12:44:49,318] multiqc.utils.util_functions                       [DEBUG  ]  Wrote data file multiqc_cutadapt.txt
[2024-09-04 12:44:49,404] multiqc.utils.util_functions                       [DEBUG  ]  Wrote data file cutadapt_filtered_reads_plot.txt
[2024-09-04 12:45:00,181] multiqc.modules.fastqc.fastqc                      [INFO   ]  Found 30 reports
[2024-09-04 12:45:00,182] multiqc.utils.util_functions                       [DEBUG  ]  Wrote data file multiqc_fastqc.txt
[2024-09-04 12:45:00,189] multiqc.utils.util_functions                       [DEBUG  ]  Wrote data file fastqc_sequence_counts_plot.txt
[2024-09-04 12:45:03,281] multiqc.utils.util_functions                       [DEBUG  ]  Wrote data file fastqc_per_base_sequence_quality_plot.txt
[2024-09-04 12:45:08,218] multiqc.utils.util_functions                       [DEBUG  ]  Wrote data file fastqc_per_sequence_gc_content_plot_Percentages.txt
[2024-09-04 12:45:10,709] multiqc.utils.util_functions                       [DEBUG  ]  Wrote data file fastqc_per_sequence_gc_content_plot_Counts.txt
[2024-09-04 12:45:13,180] multiqc.utils.util_functions                       [DEBUG  ]  Wrote data file fastqc_per_base_n_content_plot.txt
[2024-09-04 12:45:15,329] multiqc.utils.util_functions                       [DEBUG  ]  Wrote data file fastqc_sequence_duplication_levels_plot.txt
[2024-09-04 12:45:17,865] multiqc.utils.util_functions                       [DEBUG  ]  Wrote data file fastqc_overrepresented_sequences_plot.txt
[2024-09-04 12:45:19,418] multiqc.utils.util_functions                       [DEBUG  ]  Wrote data file fastqc_top_overrepresented_sequences_table.txt
[2024-09-04 12:45:21,228] multiqc.utils.util_functions                       [DEBUG  ]  Wrote data file fastqc_adapter_content_plot.txt
[2024-09-04 12:45:25,670] multiqc.plots.plotly.heatmap                       [DEBUG  ]  Heatmap size: 495x540, px per element: 45.00x18.00
[2024-09-04 12:45:25,678] multiqc.utils.util_functions                       [DEBUG  ]  Wrote data file fastqc-status-check-heatmap.txt
[2024-09-04 12:45:27,236] multiqc.utils.software_versions                    [DEBUG  ]  Reading software versions from config.software_versions
[2024-09-04 12:45:27,236] multiqc                                            [DEBUG  ]  Reordering sections: anchor 'software_versions' not found.
[2024-09-04 12:45:27,236] multiqc                                            [DEBUG  ]  Reordering sections: anchor 'nf-core-ampliseq-methods-description' not found for module 'Cutadapt'.
[2024-09-04 12:45:27,236] multiqc                                            [DEBUG  ]  Reordering sections: anchor 'software_versions' not found for module 'Cutadapt'.
[2024-09-04 12:45:27,236] multiqc                                            [DEBUG  ]  Reordering sections: anchor 'nf-core-ampliseq-summary' not found for module 'Cutadapt'.
[2024-09-04 12:45:27,236] multiqc                                            [DEBUG  ]  Reordering sections: anchor 'nf-core-ampliseq-methods-description' not found for module 'FastQC'.
[2024-09-04 12:45:27,236] multiqc                                            [DEBUG  ]  Reordering sections: anchor 'software_versions' not found for module 'FastQC'.
[2024-09-04 12:45:27,236] multiqc                                            [DEBUG  ]  Reordering sections: anchor 'nf-core-ampliseq-summary' not found for module 'FastQC'.
[2024-09-04 12:45:27,236] multiqc                                            [DEBUG  ]  Reordering sections: anchor 'nf-core-ampliseq-methods-description' not found for module 'nf-core/ampliseq Methods Description'.
[2024-09-04 12:45:27,236] multiqc                                            [DEBUG  ]  Reordering sections: anchor 'software_versions' not found for module 'nf-core/ampliseq Methods Description'.
[2024-09-04 12:45:27,236] multiqc                                            [DEBUG  ]  Reordering sections: anchor 'nf-core-ampliseq-summary' not found for module 'nf-core/ampliseq Methods Description'.
[2024-09-04 12:45:27,236] multiqc                                            [DEBUG  ]  Reordering sections: anchor 'nf-core-ampliseq-methods-description' not found for module 'nf-core/ampliseq Workflow Summary'.
[2024-09-04 12:45:27,236] multiqc                                            [DEBUG  ]  Reordering sections: anchor 'software_versions' not found for module 'nf-core/ampliseq Workflow Summary'.
[2024-09-04 12:45:27,236] multiqc                                            [DEBUG  ]  Reordering sections: anchor 'nf-core-ampliseq-summary' not found for module 'nf-core/ampliseq Workflow Summary'.
[2024-09-04 12:45:27,280] multiqc.utils.util_functions                       [DEBUG  ]  Wrote data file multiqc_general_stats.txt
[2024-09-04 12:45:29,822] multiqc                                            [DEBUG  ]  Compressing plot data
[2024-09-04 12:45:29,826] multiqc.utils.util_functions                       [DEBUG  ]  Wrote data file multiqc_data.json
[2024-09-04 12:45:29,844] multiqc                                            [INFO   ]  Report      : multiqc_report.html
[2024-09-04 12:45:29,844] multiqc                                            [INFO   ]  Data        : multiqc_data
[2024-09-04 12:45:29,844] multiqc                                            [DEBUG  ]  Moving data file from '/tmp/tmpdpmhftsq/multiqc_data' to '/work/gmgi/Fisheries/eDNA/NY/scripts/work/a0/07f70607215e3dff1eaadc922b9d10/multiqc_data'
[2024-09-04 12:45:30,256] multiqc                                            [DEBUG  ]  Full report path: /work/gmgi/Fisheries/eDNA/NY/scripts/work/a0/07f70607215e3dff1eaadc922b9d10/multiqc_report.html
[2024-09-04 12:45:30,256] multiqc                                            [INFO   ]  Plots       : multiqc_plots
[2024-09-04 12:45:30,256] multiqc                                            [DEBUG  ]  Moving plots directory from '/tmp/tmpdpmhftsq/multiqc_plots' to '/work/gmgi/Fisheries/eDNA/NY/scripts/work/a0/07f70607215e3dff1eaadc922b9d10/multiqc_plots'
[2024-09-04 12:45:31,707] multiqc                                            [INFO   ]  MultiQC complete
