[2024-08-12 09:34:18,634] multiqc                                            [DEBUG  ]  This is MultiQC v1.21
[2024-08-12 09:34:18,638] multiqc                                            [DEBUG  ]  Command used: /work/gmgi/miniconda3/envs/haddock_methylation/bin/multiqc --interactive /work/gmgi/Fisheries/eDNA/NY/QC/fastqc_raw -o /work/gmgi/Fisheries/eDNA/NY/QC/multiqc_raw --filename multiqc_raw.html
[2024-08-12 09:34:19,034] multiqc                                            [WARNING]  MultiQC Version v1.23 now available!
[2024-08-12 09:34:19,035] multiqc                                            [DEBUG  ]  Latest MultiQC version is v1.23, released 2024-07-09
[2024-08-12 09:34:19,035] multiqc                                            [DEBUG  ]  Working dir : /work/gmgi/Fisheries/eDNA/NY/QC/multiqc_raw
[2024-08-12 09:34:19,035] multiqc                                            [DEBUG  ]  Template    : default
[2024-08-12 09:34:19,036] multiqc                                            [DEBUG  ]  Running Python 3.11.8 | packaged by conda-forge | (main, Feb 16 2024, 20:53:32) [GCC 12.3.0]
[2024-08-12 09:34:19,037] multiqc                                            [DEBUG  ]  Analysing modules: custom_content, ccs, ngsderive, purple, conpair, isoseq, lima, peddy, somalier, methylqa, mosdepth, phantompeakqualtools, qualimap, bamdst, preseq, hifiasm, quast, qorts, rna_seqc, rockhopper, rsem, rseqc, busco, bustools, goleft_indexcov, gffcompare, disambiguate, supernova, deeptools, sargasso, verifybamid, mirtrace, happy, mirtop, sambamba, gopeaks, homer, hops, macs2, theta2, snpeff, gatk, htseq, bcftools, featureCounts, fgbio, dragen, dragen_fastqc, dedup, pbmarkdup, damageprofiler, mapdamage, biobambam2, jcvi, mtnucratio, picard, vep, bakta, prokka, qc3C, nanostat, samblaster, samtools, sexdeterrmine, seqera_cli, eigenstratdatabasetools, bamtools, jellyfish, vcftools, longranger, stacks, varscan2, snippy, umitools, truvari, megahit, bbmap, bismark, biscuit, diamond, hicexplorer, hicup, hicpro, salmon, kallisto, slamdunk, star, hisat2, tophat, bowtie2, bowtie1, cellranger, snpsplit, odgi, pangolin, nextclade, freyja, humid, kat, leehom, librarian, nonpareil, adapterRemoval, bbduk, clipandmerge, cutadapt, flexbar, sourmash, kaiju, bracken, kraken, malt, motus, trimmomatic, sickle, skewer, sortmerna, biobloomtools, fastq_screen, afterqc, fastp, fastqc, filtlong, prinseqplusplus, pychopper, porechop, pycoqc, minionqc, anglerfish, multivcfanalyzer, clusterflow, checkqc, bcl2fastq, bclconvert, interop, ivar, flash, seqyclean, optitype, whatshap, spaceranger, xenome, xengsort, metaphlan, seqwho
[2024-08-12 09:34:19,037] multiqc                                            [DEBUG  ]  Using temporary directory for creating report: /tmp/tmprhzm_zal
[2024-08-12 09:34:19,080] multiqc                                            [INFO   ]  Search path : /work/gmgi/Fisheries/eDNA/NY/QC/fastqc_raw
[2024-08-12 09:34:22,344] multiqc                                            [DEBUG  ]  Summary of files that were skipped by the search: [skipped_module_specific_max_filesize: 364] // [skipped_no_match: 28]
[2024-08-12 09:34:22,848] multiqc                                            [DEBUG  ]  No samples found: custom_content
[2024-08-12 09:34:25,153] multiqc.modules.fastqc.fastqc                      [INFO   ]  Found 28 reports
[2024-08-12 09:34:25,154] multiqc.utils.util_functions                       [DEBUG  ]  Wrote data file multiqc_fastqc.txt
[2024-08-12 09:34:26,861] multiqc.plots.plotly.heatmap                       [DEBUG  ]  Resizing from 495x728 to fit the maximum size 900x500
[2024-08-12 09:34:26,861] multiqc.plots.plotly.heatmap                       [DEBUG  ]  Heatmap size: 900x500, px per element: 81.82x17.86
[2024-08-12 09:34:26,976] multiqc.utils.software_versions                    [DEBUG  ]  Reading software versions from config.software_versions
[2024-08-12 09:34:26,983] multiqc.utils.util_functions                       [DEBUG  ]  Wrote data file multiqc_software_versions.txt
[2024-08-12 09:34:27,057] multiqc.utils.util_functions                       [DEBUG  ]  Wrote data file multiqc_general_stats.txt
[2024-08-12 09:34:27,058] multiqc                                            [DEBUG  ]  Compressing plot data
[2024-08-12 09:34:28,246] multiqc.utils.util_functions                       [DEBUG  ]  Wrote data file multiqc_data.json
[2024-08-12 09:34:28,248] multiqc                                            [INFO   ]  Report      : multiqc_raw.html
[2024-08-12 09:34:28,248] multiqc                                            [INFO   ]  Data        : multiqc_raw_data
[2024-08-12 09:34:28,248] multiqc                                            [DEBUG  ]  Moving data file from '/tmp/tmprhzm_zal/multiqc_data' to '/work/gmgi/Fisheries/eDNA/NY/QC/multiqc_raw/multiqc_raw_data'
[2024-08-12 09:34:28,320] multiqc                                            [DEBUG  ]  Full report path: /work/gmgi/Fisheries/eDNA/NY/QC/multiqc_raw/multiqc_raw.html
[2024-08-12 09:34:29,233] multiqc                                            [INFO   ]  MultiQC complete
