This is cutadapt 4.6 with Python 3.9.18
Command line parameters: -Z --cores 6 --minimum-length 1 -O 3 -e 0.1 -g GTCGGTAAAACTCGTGCCAGC -G CATAGTGGGGTATCTAATCCCAGTTTG --discard-untrimmed -o NTC.trimmed_1.trim.fastq.gz -p NTC.trimmed_2.trim.fastq.gz NTC_1.fastq.gz NTC_2.fastq.gz
Processing paired-end reads on 6 cores ...
Finished in 0.244 s (933.179 µs/read; 0.06 M reads/minute).

=== Summary ===

Total read pairs processed:                261
  Read 1 with adapter:                     140 (53.6%)
  Read 2 with adapter:                     235 (90.0%)

== Read fate breakdown ==
Pairs that were too short:                   0 (0.0%)
Pairs discarded as untrimmed:              139 (53.3%)
Pairs written (passing filters):           122 (46.7%)

Total basepairs processed:       131,022 bp
  Read 1:        65,511 bp
  Read 2:        65,511 bp
Total written (filtered):         55,510 bp (42.4%)
  Read 1:        28,061 bp
  Read 2:        27,449 bp

=== First read: Adapter 1 ===

Sequence: GTCGGTAAAACTCGTGCCAGC; Type: regular 5'; Length: 21; Trimmed: 140 times

Minimum overlap: 3
No. of allowed errors:
1-9 bp: 0; 10-19 bp: 1; 20-21 bp: 2

Overview of removed sequences
length	count	expect	max.err	error counts
20	7	0.0	2	0 2 5
21	133	0.0	2	120 11 2


=== Second read: Adapter 2 ===

Sequence: CATAGTGGGGTATCTAATCCCAGTTTG; Type: regular 5'; Length: 27; Trimmed: 235 times

Minimum overlap: 3
No. of allowed errors:
1-9 bp: 0; 10-19 bp: 1; 20-27 bp: 2

Overview of removed sequences
length	count	expect	max.err	error counts
26	121	0.0	2	0 0 121
27	114	0.0	2	4 109 1
