This is cutadapt 4.6 with Python 3.9.18
Command line parameters: -Z --cores 6 --minimum-length 1 -O 3 -e 0.1 -g GTCGGTAAAACTCGTGCCAGC -G CATAGTGGGGTATCTAATCCCAGTTTG --discard-untrimmed -o PAC.trimmed_1.trim.fastq.gz -p PAC.trimmed_2.trim.fastq.gz PAC_1.fastq.gz PAC_2.fastq.gz
Processing paired-end reads on 6 cores ...
Finished in 1.450 s (6.132 µs/read; 9.79 M reads/minute).

=== Summary ===

Total read pairs processed:            236,538
  Read 1 with adapter:                 236,381 (99.9%)
  Read 2 with adapter:                 233,777 (98.8%)

== Read fate breakdown ==
Pairs that were too short:                   0 (0.0%)
Pairs discarded as untrimmed:            2,873 (1.2%)
Pairs written (passing filters):       233,665 (98.8%)

Total basepairs processed:   118,742,076 bp
  Read 1:    59,371,038 bp
  Read 2:    59,371,038 bp
Total written (filtered):    106,091,003 bp (89.3%)
  Read 1:    53,745,756 bp
  Read 2:    52,345,247 bp

=== First read: Adapter 1 ===

Sequence: GTCGGTAAAACTCGTGCCAGC; Type: regular 5'; Length: 21; Trimmed: 236381 times

Minimum overlap: 3
No. of allowed errors:
1-9 bp: 0; 10-19 bp: 1; 20-21 bp: 2

Overview of removed sequences
length	count	expect	max.err	error counts
8	1	3.6	0	1
13	1	0.0	1	1
14	1	0.0	1	1
17	1	0.0	1	1
18	4	0.0	1	2 2
19	68	0.0	1	5 34 29
20	2865	0.0	2	683 2122 60
21	233240	0.0	2	227062 5936 242
22	198	0.0	2	21 174 3
27	1	0.0	2	0 1
28	1	0.0	2	0 0 1


=== Second read: Adapter 2 ===

Sequence: CATAGTGGGGTATCTAATCCCAGTTTG; Type: regular 5'; Length: 27; Trimmed: 233777 times

Minimum overlap: 3
No. of allowed errors:
1-9 bp: 0; 10-19 bp: 1; 20-27 bp: 2

Overview of removed sequences
length	count	expect	max.err	error counts
3	1	3695.9	0	1
16	1	0.0	1	1
18	2	0.0	1	2
21	3	0.0	2	2 1
22	2	0.0	2	2
24	10	0.0	2	4 1 5
25	223	0.0	2	4 56 163
26	4119	0.0	2	747 3305 67
27	229121	0.0	2	223965 4584 572
28	285	0.0	2	33 248 4
29	1	0.0	2	0 1
33	1	0.0	2	1
34	2	0.0	2	2
37	3	0.0	2	0 0 3
41	2	0.0	2	2
48	1	0.0	2	1
