This is cutadapt 4.6 with Python 3.9.18
Command line parameters: -Z --cores 6 --minimum-length 1 -O 3 -e 0.1 -g GTCGGTAAAACTCGTGCCAGC -G CATAGTGGGGTATCTAATCCCAGTTTG --discard-untrimmed -o Site3_1.trimmed_1.trim.fastq.gz -p Site3_1.trimmed_2.trim.fastq.gz Site3_1_1.fastq.gz Site3_1_2.fastq.gz
Processing paired-end reads on 6 cores ...
Finished in 0.285 s (71198.404 µs/read; 0.00 M reads/minute).

=== Summary ===

Total read pairs processed:                  4
  Read 1 with adapter:                       4 (100.0%)
  Read 2 with adapter:                       4 (100.0%)

== Read fate breakdown ==
Pairs that were too short:                   0 (0.0%)
Pairs discarded as untrimmed:                0 (0.0%)
Pairs written (passing filters):             4 (100.0%)

Total basepairs processed:         2,008 bp
  Read 1:         1,004 bp
  Read 2:         1,004 bp
Total written (filtered):          1,816 bp (90.4%)
  Read 1:           920 bp
  Read 2:           896 bp

=== First read: Adapter 1 ===

Sequence: GTCGGTAAAACTCGTGCCAGC; Type: regular 5'; Length: 21; Trimmed: 4 times

Minimum overlap: 3
No. of allowed errors:
1-9 bp: 0; 10-19 bp: 1; 20-21 bp: 2

Overview of removed sequences
length	count	expect	max.err	error counts
21	4	0.0	2	4


=== Second read: Adapter 2 ===

Sequence: CATAGTGGGGTATCTAATCCCAGTTTG; Type: regular 5'; Length: 27; Trimmed: 4 times

Minimum overlap: 3
No. of allowed errors:
1-9 bp: 0; 10-19 bp: 1; 20-27 bp: 2

Overview of removed sequences
length	count	expect	max.err	error counts
27	4	0.0	2	3 1
