This is cutadapt 4.6 with Python 3.9.18
Command line parameters: -Z --cores 6 --minimum-length 1 -O 3 -e 0.1 -g GTCGGTAAAACTCGTGCCAGC -G CATAGTGGGGTATCTAATCCCAGTTTG --discard-untrimmed -o Site4_2.trimmed_1.trim.fastq.gz -p Site4_2.trimmed_2.trim.fastq.gz Site4_2_1.fastq.gz Site4_2_2.fastq.gz
Processing paired-end reads on 6 cores ...
Finished in 0.534 s (23.599 µs/read; 2.54 M reads/minute).

=== Summary ===

Total read pairs processed:             22,622
  Read 1 with adapter:                  22,611 (100.0%)
  Read 2 with adapter:                  22,139 (97.9%)

== Read fate breakdown ==
Pairs that were too short:                   0 (0.0%)
Pairs discarded as untrimmed:              490 (2.2%)
Pairs written (passing filters):        22,132 (97.8%)

Total basepairs processed:    11,356,244 bp
  Read 1:     5,678,122 bp
  Read 2:     5,678,122 bp
Total written (filtered):     10,054,486 bp (88.5%)
  Read 1:     5,090,564 bp
  Read 2:     4,963,922 bp

=== First read: Adapter 1 ===

Sequence: GTCGGTAAAACTCGTGCCAGC; Type: regular 5'; Length: 21; Trimmed: 22611 times

Minimum overlap: 3
No. of allowed errors:
1-9 bp: 0; 10-19 bp: 1; 20-21 bp: 2

Overview of removed sequences
length	count	expect	max.err	error counts
19	11	0.0	1	1 1 9
20	197	0.0	2	46 149 2
21	22392	0.0	2	21789 568 35
22	11	0.0	2	2 9


=== Second read: Adapter 2 ===

Sequence: CATAGTGGGGTATCTAATCCCAGTTTG; Type: regular 5'; Length: 27; Trimmed: 22139 times

Minimum overlap: 3
No. of allowed errors:
1-9 bp: 0; 10-19 bp: 1; 20-27 bp: 2

Overview of removed sequences
length	count	expect	max.err	error counts
21	2	0.0	2	0 0 2
24	1	0.0	2	0 0 1
25	41	0.0	2	0 8 33
26	6277	0.0	2	34 2501 3742
27	15799	0.0	2	15465 298 36
28	19	0.0	2	2 14 3
