This is cutadapt 4.6 with Python 3.9.18
Command line parameters: -Z --cores 6 --minimum-length 1 -O 3 -e 0.1 -g GTCGGTAAAACTCGTGCCAGC -G CATAGTGGGGTATCTAATCCCAGTTTG --discard-untrimmed -o Site1_3.trimmed_1.trim.fastq.gz -p Site1_3.trimmed_2.trim.fastq.gz Site1_3_1.fastq.gz Site1_3_2.fastq.gz
Processing paired-end reads on 6 cores ...
Finished in 1.732 s (6.961 µs/read; 8.62 M reads/minute).

=== Summary ===

Total read pairs processed:            248,852
  Read 1 with adapter:                 246,905 (99.2%)
  Read 2 with adapter:                 236,631 (95.1%)

== Read fate breakdown ==
Pairs that were too short:                   0 (0.0%)
Pairs discarded as untrimmed:           14,069 (5.7%)
Pairs written (passing filters):       234,783 (94.3%)

Total basepairs processed:   124,923,704 bp
  Read 1:    62,461,852 bp
  Read 2:    62,461,852 bp
Total written (filtered):    106,788,117 bp (85.5%)
  Read 1:    54,002,143 bp
  Read 2:    52,785,974 bp

=== First read: Adapter 1 ===

Sequence: GTCGGTAAAACTCGTGCCAGC; Type: regular 5'; Length: 21; Trimmed: 246905 times

Minimum overlap: 3
No. of allowed errors:
1-9 bp: 0; 10-19 bp: 1; 20-21 bp: 2

Overview of removed sequences
length	count	expect	max.err	error counts
17	2	0.0	1	2
18	3	0.0	1	1 2
19	68	0.0	1	3 17 48
20	2235	0.0	2	454 1737 44
21	244422	0.0	2	237223 6848 351
22	173	0.0	2	15 147 11
25	2	0.0	2	2


=== Second read: Adapter 2 ===

Sequence: CATAGTGGGGTATCTAATCCCAGTTTG; Type: regular 5'; Length: 27; Trimmed: 236631 times

Minimum overlap: 3
No. of allowed errors:
1-9 bp: 0; 10-19 bp: 1; 20-27 bp: 2

Overview of removed sequences
length	count	expect	max.err	error counts
19	1	0.0	1	0 0 1
21	2	0.0	2	0 2
22	3	0.0	2	0 2 1
23	5	0.0	2	0 0 5
24	27	0.0	2	0 0 27
25	2052	0.0	2	0 352 1700
26	190606	0.0	2	85 147023 43498
27	43833	0.0	2	40756 2648 429
28	100	0.0	2	11 85 4
35	1	0.0	2	0 0 1
65	1	0.0	2	0 1
