This is cutadapt 4.6 with Python 3.9.18
Command line parameters: -Z --cores 6 --minimum-length 1 -O 3 -e 0.1 -g GTCGGTAAAACTCGTGCCAGC -G CATAGTGGGGTATCTAATCCCAGTTTG --discard-untrimmed -o XB.trimmed_1.trim.fastq.gz -p XB.trimmed_2.trim.fastq.gz XB_1.fastq.gz XB_2.fastq.gz
Processing paired-end reads on 6 cores ...
Finished in 0.444 s (32.668 µs/read; 1.84 M reads/minute).

=== Summary ===

Total read pairs processed:             13,585
  Read 1 with adapter:                   7,671 (56.5%)
  Read 2 with adapter:                  12,471 (91.8%)

== Read fate breakdown ==
Pairs that were too short:                   0 (0.0%)
Pairs discarded as untrimmed:            6,758 (49.7%)
Pairs written (passing filters):         6,827 (50.3%)

Total basepairs processed:     6,819,670 bp
  Read 1:     3,409,835 bp
  Read 2:     3,409,835 bp
Total written (filtered):      3,106,524 bp (45.6%)
  Read 1:     1,570,619 bp
  Read 2:     1,535,905 bp

=== First read: Adapter 1 ===

Sequence: GTCGGTAAAACTCGTGCCAGC; Type: regular 5'; Length: 21; Trimmed: 7671 times

Minimum overlap: 3
No. of allowed errors:
1-9 bp: 0; 10-19 bp: 1; 20-21 bp: 2

Overview of removed sequences
length	count	expect	max.err	error counts
18	2	0.0	1	0 0 2
19	181	0.0	1	0 0 181
20	97	0.0	2	19 61 17
21	7384	0.0	2	6678 678 28
22	7	0.0	2	0 5 2


=== Second read: Adapter 2 ===

Sequence: CATAGTGGGGTATCTAATCCCAGTTTG; Type: regular 5'; Length: 27; Trimmed: 12471 times

Minimum overlap: 3
No. of allowed errors:
1-9 bp: 0; 10-19 bp: 1; 20-27 bp: 2

Overview of removed sequences
length	count	expect	max.err	error counts
25	7	0.0	2	0 0 7
26	6716	0.0	2	0 12 6704
27	5740	0.0	2	316 4870 554
28	8	0.0	2	0 3 5
