This is cutadapt 4.6 with Python 3.9.18
Command line parameters: -Z --cores 6 --minimum-length 1 -O 3 -e 0.1 -g GTCGGTAAAACTCGTGCCAGC -G CATAGTGGGGTATCTAATCCCAGTTTG --discard-untrimmed -o Site4_1.trimmed_1.trim.fastq.gz -p Site4_1.trimmed_2.trim.fastq.gz Site4_1_1.fastq.gz Site4_1_2.fastq.gz
Processing paired-end reads on 6 cores ...
Finished in 1.184 s (8.294 µs/read; 7.23 M reads/minute).

=== Summary ===

Total read pairs processed:            142,760
  Read 1 with adapter:                 142,683 (99.9%)
  Read 2 with adapter:                 135,603 (95.0%)

== Read fate breakdown ==
Pairs that were too short:                   0 (0.0%)
Pairs discarded as untrimmed:            7,206 (5.0%)
Pairs written (passing filters):       135,554 (95.0%)

Total basepairs processed:    71,665,520 bp
  Read 1:    35,832,760 bp
  Read 2:    35,832,760 bp
Total written (filtered):     61,617,646 bp (86.0%)
  Read 1:    31,178,811 bp
  Read 2:    30,438,835 bp

=== First read: Adapter 1 ===

Sequence: GTCGGTAAAACTCGTGCCAGC; Type: regular 5'; Length: 21; Trimmed: 142683 times

Minimum overlap: 3
No. of allowed errors:
1-9 bp: 0; 10-19 bp: 1; 20-21 bp: 2

Overview of removed sequences
length	count	expect	max.err	error counts
14	2	0.0	1	0 2
15	2	0.0	1	0 2
17	1	0.0	1	1
18	8	0.0	1	2 5 1
19	46	0.0	1	3 11 32
20	1413	0.0	2	311 1076 26
21	141117	0.0	2	137236 3720 161
22	90	0.0	2	9 81
23	4	0.0	2	0 0 4


=== Second read: Adapter 2 ===

Sequence: CATAGTGGGGTATCTAATCCCAGTTTG; Type: regular 5'; Length: 27; Trimmed: 135603 times

Minimum overlap: 3
No. of allowed errors:
1-9 bp: 0; 10-19 bp: 1; 20-27 bp: 2

Overview of removed sequences
length	count	expect	max.err	error counts
19	1	0.0	1	1
20	1	0.0	2	0 0 1
21	2	0.0	2	0 1 1
22	1	0.0	2	1
24	11	0.0	2	0 1 10
25	486	0.0	2	1 85 400
26	73845	0.0	2	118 35365 38362
27	61162	0.0	2	59601 1294 267
28	91	0.0	2	17 74
31	1	0.0	2	0 0 1
34	1	0.0	2	1
43	1	0.0	2	1
