This is cutadapt 4.6 with Python 3.9.18
Command line parameters: -Z --cores 6 --minimum-length 1 -O 3 -e 0.1 -g GTCGGTAAAACTCGTGCCAGC -G CATAGTGGGGTATCTAATCCCAGTTTG --discard-untrimmed -o Site2_2.trimmed_1.trim.fastq.gz -p Site2_2.trimmed_2.trim.fastq.gz Site2_2_1.fastq.gz Site2_2_2.fastq.gz
Processing paired-end reads on 6 cores ...
Finished in 1.121 s (9.979 µs/read; 6.01 M reads/minute).

=== Summary ===

Total read pairs processed:            112,383
  Read 1 with adapter:                 112,200 (99.8%)
  Read 2 with adapter:                 107,952 (96.1%)

== Read fate breakdown ==
Pairs that were too short:                   0 (0.0%)
Pairs discarded as untrimmed:            4,590 (4.1%)
Pairs written (passing filters):       107,793 (95.9%)

Total basepairs processed:    56,416,266 bp
  Read 1:    28,208,133 bp
  Read 2:    28,208,133 bp
Total written (filtered):     49,029,818 bp (86.9%)
  Read 1:    24,793,363 bp
  Read 2:    24,236,455 bp

=== First read: Adapter 1 ===

Sequence: GTCGGTAAAACTCGTGCCAGC; Type: regular 5'; Length: 21; Trimmed: 112200 times

Minimum overlap: 3
No. of allowed errors:
1-9 bp: 0; 10-19 bp: 1; 20-21 bp: 2

Overview of removed sequences
length	count	expect	max.err	error counts
13	1	0.0	1	1
18	2	0.0	1	1 1
19	30	0.0	1	3 10 17
20	1025	0.0	2	219 761 45
21	111053	0.0	2	105192 5534 327
22	88	0.0	2	11 74 3
25	1	0.0	2	1


=== Second read: Adapter 2 ===

Sequence: CATAGTGGGGTATCTAATCCCAGTTTG; Type: regular 5'; Length: 27; Trimmed: 107952 times

Minimum overlap: 3
No. of allowed errors:
1-9 bp: 0; 10-19 bp: 1; 20-27 bp: 2

Overview of removed sequences
length	count	expect	max.err	error counts
3	1	1756.0	0	1
17	1	0.0	1	1
21	1	0.0	2	0 0 1
23	5	0.0	2	0 2 3
24	17	0.0	2	0 0 17
25	979	0.0	2	0 149 830
26	88873	0.0	2	52 73167 15654
27	18042	0.0	2	17492 433 117
28	32	0.0	2	5 25 2
35	1	0.0	2	0 0 1
