This is cutadapt 4.6 with Python 3.9.18
Command line parameters: -Z --cores 6 --minimum-length 1 -O 3 -e 0.1 -g GTCGGTAAAACTCGTGCCAGC -G CATAGTGGGGTATCTAATCCCAGTTTG --discard-untrimmed -o Site3_2.trimmed_1.trim.fastq.gz -p Site3_2.trimmed_2.trim.fastq.gz Site3_2_1.fastq.gz Site3_2_2.fastq.gz
Processing paired-end reads on 6 cores ...
Finished in 1.684 s (7.125 µs/read; 8.42 M reads/minute).

=== Summary ===

Total read pairs processed:            236,331
  Read 1 with adapter:                 234,738 (99.3%)
  Read 2 with adapter:                 227,354 (96.2%)

== Read fate breakdown ==
Pairs that were too short:                   0 (0.0%)
Pairs discarded as untrimmed:           10,514 (4.4%)
Pairs written (passing filters):       225,817 (95.6%)

Total basepairs processed:   118,638,162 bp
  Read 1:    59,319,081 bp
  Read 2:    59,319,081 bp
Total written (filtered):    102,688,495 bp (86.6%)
  Read 1:    51,939,961 bp
  Read 2:    50,748,534 bp

=== First read: Adapter 1 ===

Sequence: GTCGGTAAAACTCGTGCCAGC; Type: regular 5'; Length: 21; Trimmed: 234738 times

Minimum overlap: 3
No. of allowed errors:
1-9 bp: 0; 10-19 bp: 1; 20-21 bp: 2

Overview of removed sequences
length	count	expect	max.err	error counts
13	2	0.0	1	0 2
17	4	0.0	1	3 1
18	6	0.0	1	0 6
19	77	0.0	1	3 28 46
20	2129	0.0	2	466 1621 42
21	232332	0.0	2	225015 6707 610
22	188	0.0	2	18 161 9


=== Second read: Adapter 2 ===

Sequence: CATAGTGGGGTATCTAATCCCAGTTTG; Type: regular 5'; Length: 27; Trimmed: 227354 times

Minimum overlap: 3
No. of allowed errors:
1-9 bp: 0; 10-19 bp: 1; 20-27 bp: 2

Overview of removed sequences
length	count	expect	max.err	error counts
3	2	3692.7	0	2
19	1	0.0	1	0 1
21	2	0.0	2	0 1 1
23	4	0.0	2	0 1 3
24	29	0.0	2	1 3 25
25	1836	0.0	2	1 319 1516
26	162195	0.0	2	142 135746 26307
27	62876	0.0	2	59776 2686 414
28	407	0.0	2	15 385 7
32	1	0.0	2	0 1
41	1	0.0	2	1
