This is cutadapt 4.6 with Python 3.9.18
Command line parameters: -Z --cores 6 --minimum-length 1 -O 3 -e 0.1 -g GTCGGTAAAACTCGTGCCAGC -G CATAGTGGGGTATCTAATCCCAGTTTG --discard-untrimmed -o Site4_3.trimmed_1.trim.fastq.gz -p Site4_3.trimmed_2.trim.fastq.gz Site4_3_1.fastq.gz Site4_3_2.fastq.gz
Processing paired-end reads on 6 cores ...
Finished in 2.668 s (6.856 µs/read; 8.75 M reads/minute).

=== Summary ===

Total read pairs processed:            389,096
  Read 1 with adapter:                 388,877 (99.9%)
  Read 2 with adapter:                 374,143 (96.2%)

== Read fate breakdown ==
Pairs that were too short:                   0 (0.0%)
Pairs discarded as untrimmed:           15,126 (3.9%)
Pairs written (passing filters):       373,970 (96.1%)

Total basepairs processed:   195,326,192 bp
  Read 1:    97,663,096 bp
  Read 2:    97,663,096 bp
Total written (filtered):    170,026,780 bp (87.0%)
  Read 1:    86,017,137 bp
  Read 2:    84,009,643 bp

=== First read: Adapter 1 ===

Sequence: GTCGGTAAAACTCGTGCCAGC; Type: regular 5'; Length: 21; Trimmed: 388877 times

Minimum overlap: 3
No. of allowed errors:
1-9 bp: 0; 10-19 bp: 1; 20-21 bp: 2

Overview of removed sequences
length	count	expect	max.err	error counts
13	1	0.0	1	0 1
14	2	0.0	1	2
15	5	0.0	1	3 2
16	2	0.0	1	0 2
17	1	0.0	1	1
18	6	0.0	1	2 4
19	153	0.0	1	6 62 85
20	4099	0.0	2	804 3204 91
21	384310	0.0	2	372334 11444 532
22	296	0.0	2	38 250 8
23	1	0.0	2	0 1
36	1	0.0	2	1


=== Second read: Adapter 2 ===

Sequence: CATAGTGGGGTATCTAATCCCAGTTTG; Type: regular 5'; Length: 27; Trimmed: 374143 times

Minimum overlap: 3
No. of allowed errors:
1-9 bp: 0; 10-19 bp: 1; 20-27 bp: 2

Overview of removed sequences
length	count	expect	max.err	error counts
3	3	6079.6	0	3
17	1	0.0	1	1
19	1	0.0	1	0 0 1
21	3	0.0	2	0 0 3
22	2	0.0	2	2
23	6	0.0	2	0 1 5
24	28	0.0	2	0 3 25
25	1718	0.0	2	3 262 1453
26	237058	0.0	2	307 116116 120635
27	135131	0.0	2	132365 2382 384
28	185	0.0	2	26 153 6
29	2	0.0	2	0 0 2
38	1	0.0	2	0 0 1
45	1	0.0	2	0 0 1
46	1	0.0	2	1
47	1	0.0	2	0 1
52	1	0.0	2	0 0 1
