This is cutadapt 4.6 with Python 3.9.18
Command line parameters: -Z --cores 6 --minimum-length 1 -O 3 -e 0.1 -g GTCGGTAAAACTCGTGCCAGC -G CATAGTGGGGTATCTAATCCCAGTTTG --discard-untrimmed -o Site3_3.trimmed_1.trim.fastq.gz -p Site3_3.trimmed_2.trim.fastq.gz Site3_3_1.fastq.gz Site3_3_2.fastq.gz
Processing paired-end reads on 6 cores ...
Finished in 1.106 s (8.425 µs/read; 7.12 M reads/minute).

=== Summary ===

Total read pairs processed:            131,230
  Read 1 with adapter:                 130,752 (99.6%)
  Read 2 with adapter:                 125,863 (95.9%)

== Read fate breakdown ==
Pairs that were too short:                   0 (0.0%)
Pairs discarded as untrimmed:            5,768 (4.4%)
Pairs written (passing filters):       125,462 (95.6%)

Total basepairs processed:    65,877,460 bp
  Read 1:    32,938,730 bp
  Read 2:    32,938,730 bp
Total written (filtered):     57,056,506 bp (86.6%)
  Read 1:    28,857,404 bp
  Read 2:    28,199,102 bp

=== First read: Adapter 1 ===

Sequence: GTCGGTAAAACTCGTGCCAGC; Type: regular 5'; Length: 21; Trimmed: 130752 times

Minimum overlap: 3
No. of allowed errors:
1-9 bp: 0; 10-19 bp: 1; 20-21 bp: 2

Overview of removed sequences
length	count	expect	max.err	error counts
12	2	0.0	1	2
14	1	0.0	1	1
16	1	0.0	1	0 1
17	2	0.0	1	1 1
18	1	0.0	1	1
19	31	0.0	1	2 8 21
20	1228	0.0	2	277 906 45
21	129375	0.0	2	122731 6257 387
22	109	0.0	2	12 95 2
24	1	0.0	2	1
25	1	0.0	2	1


=== Second read: Adapter 2 ===

Sequence: CATAGTGGGGTATCTAATCCCAGTTTG; Type: regular 5'; Length: 27; Trimmed: 125863 times

Minimum overlap: 3
No. of allowed errors:
1-9 bp: 0; 10-19 bp: 1; 20-27 bp: 2

Overview of removed sequences
length	count	expect	max.err	error counts
3	1	2050.5	0	1
21	3	0.0	2	0 2 1
22	1	0.0	2	0 0 1
24	11	0.0	2	0 1 10
25	1084	0.0	2	0 175 909
26	93528	0.0	2	67 76100 17361
27	31195	0.0	2	29941 779 475
28	39	0.0	2	5 32 2
45	1	0.0	2	0 1
