This is cutadapt 4.6 with Python 3.9.18
Command line parameters: -Z --cores 6 --minimum-length 1 -O 3 -e 0.1 -g GTCGGTAAAACTCGTGCCAGC -G CATAGTGGGGTATCTAATCCCAGTTTG --discard-untrimmed -o Site1_2.trimmed_1.trim.fastq.gz -p Site1_2.trimmed_2.trim.fastq.gz Site1_2_1.fastq.gz Site1_2_2.fastq.gz
Processing paired-end reads on 6 cores ...
Finished in 2.452 s (6.674 µs/read; 8.99 M reads/minute).

=== Summary ===

Total read pairs processed:            367,357
  Read 1 with adapter:                 362,546 (98.7%)
  Read 2 with adapter:                 350,146 (95.3%)

== Read fate breakdown ==
Pairs that were too short:                   0 (0.0%)
Pairs discarded as untrimmed:           21,815 (5.9%)
Pairs written (passing filters):       345,542 (94.1%)

Total basepairs processed:   184,413,214 bp
  Read 1:    92,206,607 bp
  Read 2:    92,206,607 bp
Total written (filtered):    157,150,976 bp (85.2%)
  Read 1:    79,477,747 bp
  Read 2:    77,673,229 bp

=== First read: Adapter 1 ===

Sequence: GTCGGTAAAACTCGTGCCAGC; Type: regular 5'; Length: 21; Trimmed: 362546 times

Minimum overlap: 3
No. of allowed errors:
1-9 bp: 0; 10-19 bp: 1; 20-21 bp: 2

Overview of removed sequences
length	count	expect	max.err	error counts
16	3	0.0	1	2 1
17	2	0.0	1	1 1
18	1	0.0	1	0 1
19	129	0.0	1	2 59 68
20	3346	0.0	2	711 2527 108
21	358732	0.0	2	347638 10615 479
22	332	0.0	2	18 295 19
42	1	0.0	2	1


=== Second read: Adapter 2 ===

Sequence: CATAGTGGGGTATCTAATCCCAGTTTG; Type: regular 5'; Length: 27; Trimmed: 350146 times

Minimum overlap: 3
No. of allowed errors:
1-9 bp: 0; 10-19 bp: 1; 20-27 bp: 2

Overview of removed sequences
length	count	expect	max.err	error counts
3	2	5740.0	0	2
18	1	0.0	1	0 1
21	2	0.0	2	0 0 2
22	3	0.0	2	1 2
24	43	0.0	2	1 3 39
25	2964	0.0	2	0 511 2453
26	266027	0.0	2	137 221266 44624
27	80962	0.0	2	74310 5941 711
28	141	0.0	2	15 116 10
39	1	0.0	2	0 1
