This is cutadapt 4.6 with Python 3.9.18
Command line parameters: -Z --cores 6 --minimum-length 1 -O 3 -e 0.1 -g GTCGGTAAAACTCGTGCCAGC -G CATAGTGGGGTATCTAATCCCAGTTTG --discard-untrimmed -o Site2_3.trimmed_1.trim.fastq.gz -p Site2_3.trimmed_2.trim.fastq.gz Site2_3_1.fastq.gz Site2_3_2.fastq.gz
Processing paired-end reads on 6 cores ...
Finished in 1.994 s (7.050 µs/read; 8.51 M reads/minute).

=== Summary ===

Total read pairs processed:            282,842
  Read 1 with adapter:                 282,071 (99.7%)
  Read 2 with adapter:                 268,865 (95.1%)

== Read fate breakdown ==
Pairs that were too short:                   0 (0.0%)
Pairs discarded as untrimmed:           14,641 (5.2%)
Pairs written (passing filters):       268,201 (94.8%)

Total basepairs processed:   141,986,684 bp
  Read 1:    70,993,342 bp
  Read 2:    70,993,342 bp
Total written (filtered):    121,969,314 bp (85.9%)
  Read 1:    61,688,811 bp
  Read 2:    60,280,503 bp

=== First read: Adapter 1 ===

Sequence: GTCGGTAAAACTCGTGCCAGC; Type: regular 5'; Length: 21; Trimmed: 282071 times

Minimum overlap: 3
No. of allowed errors:
1-9 bp: 0; 10-19 bp: 1; 20-21 bp: 2

Overview of removed sequences
length	count	expect	max.err	error counts
14	1	0.0	1	1
15	2	0.0	1	2
16	1	0.0	1	0 1
18	3	0.0	1	0 3
19	81	0.0	1	2 37 42
20	2797	0.0	2	588 2094 115
21	278939	0.0	2	270676 7332 931
22	242	0.0	2	25 198 19
23	5	0.0	2	0 0 5


=== Second read: Adapter 2 ===

Sequence: CATAGTGGGGTATCTAATCCCAGTTTG; Type: regular 5'; Length: 27; Trimmed: 268865 times

Minimum overlap: 3
No. of allowed errors:
1-9 bp: 0; 10-19 bp: 1; 20-27 bp: 2

Overview of removed sequences
length	count	expect	max.err	error counts
3	3	4419.4	0	3
5	1	276.2	0	1
19	1	0.0	1	1
21	2	0.0	2	0 0 2
22	1	0.0	2	1
23	3	0.0	2	1 1 1
24	31	0.0	2	3 6 22
25	2138	0.0	2	5 357 1776
26	199237	0.0	2	144 152846 46247
27	67345	0.0	2	64437 2417 491
28	99	0.0	2	20 78 1
30	1	0.0	2	0 1
35	1	0.0	2	0 1
50	1	0.0	2	0 0 1
52	1	0.0	2	0 1
